[dotenv] Loaded [33m.env[0m
[dotenv] Set [36mDATABASE_URL[0m and [36mDATABASE_PASSWORD[0m
[dotenv] Loaded [33m.env[0m
[dotenv] Set [36mDATABASE_URL[0m and [36mDATABASE_PASSWORD[0m
[dotenv] Loaded [33m.env[0m
  [1m[36mTRANSACTION (267.4ms)[0m  [1m[35mBEGIN[0m
  [1m[36mTag Exists? (465.5ms)[0m  [1m[34mSELECT 1 AS one FROM "tags" WHERE "tags"."name" = $1 LIMIT $2[0m  [["name", "スリラー"], ["LIMIT", 1]]
  [1m[36mTag Create (195.9ms)[0m  [1m[32mINSERT INTO "tags" ("name", "created_at", "updated_at") VALUES ($1, $2, $3) RETURNING "id"[0m  [["name", "スリラー"], ["created_at", "2024-06-28 15:50:38.712043"], ["updated_at", "2024-06-28 15:50:38.712043"]]
  [1m[36mTRANSACTION (194.1ms)[0m  [1m[35mCOMMIT[0m
  [1m[36mTRANSACTION (192.8ms)[0m  [1m[35mBEGIN[0m
  [1m[36mTag Exists? (388.6ms)[0m  [1m[34mSELECT 1 AS one FROM "tags" WHERE "tags"."name" = $1 LIMIT $2[0m  [["name", "オカルト"], ["LIMIT", 1]]
  [1m[36mTag Create (193.1ms)[0m  [1m[32mINSERT INTO "tags" ("name", "created_at", "updated_at") VALUES ($1, $2, $3) RETURNING "id"[0m  [["name", "オカルト"], ["created_at", "2024-06-28 15:50:39.502385"], ["updated_at", "2024-06-28 15:50:39.502385"]]
  [1m[36mTRANSACTION (201.1ms)[0m  [1m[35mCOMMIT[0m
  [1m[36mTRANSACTION (192.0ms)[0m  [1m[35mBEGIN[0m
  [1m[36mTag Exists? (385.4ms)[0m  [1m[34mSELECT 1 AS one FROM "tags" WHERE "tags"."name" = $1 LIMIT $2[0m  [["name", "サスペンス"], ["LIMIT", 1]]
  [1m[36mTag Create (193.5ms)[0m  [1m[32mINSERT INTO "tags" ("name", "created_at", "updated_at") VALUES ($1, $2, $3) RETURNING "id"[0m  [["name", "サスペンス"], ["created_at", "2024-06-28 15:50:40.288534"], ["updated_at", "2024-06-28 15:50:40.288534"]]
  [1m[36mTRANSACTION (197.2ms)[0m  [1m[35mCOMMIT[0m
  [1m[36mTRANSACTION (193.5ms)[0m  [1m[35mBEGIN[0m
  [1m[36mTag Exists? (388.4ms)[0m  [1m[34mSELECT 1 AS one FROM "tags" WHERE "tags"."name" = $1 LIMIT $2[0m  [["name", "モンスターホラー"], ["LIMIT", 1]]
  [1m[36mTag Create (196.7ms)[0m  [1m[32mINSERT INTO "tags" ("name", "created_at", "updated_at") VALUES ($1, $2, $3) RETURNING "id"[0m  [["name", "モンスターホラー"], ["created_at", "2024-06-28 15:50:41.075717"], ["updated_at", "2024-06-28 15:50:41.075717"]]
  [1m[36mTRANSACTION (195.0ms)[0m  [1m[35mCOMMIT[0m
  [1m[36mTRANSACTION (197.6ms)[0m  [1m[35mBEGIN[0m
  [1m[36mTag Exists? (391.6ms)[0m  [1m[34mSELECT 1 AS one FROM "tags" WHERE "tags"."name" = $1 LIMIT $2[0m  [["name", "サイコロジカルホラー"], ["LIMIT", 1]]
  [1m[36mTag Create (194.3ms)[0m  [1m[32mINSERT INTO "tags" ("name", "created_at", "updated_at") VALUES ($1, $2, $3) RETURNING "id"[0m  [["name", "サイコロジカルホラー"], ["created_at", "2024-06-28 15:50:41.866020"], ["updated_at", "2024-06-28 15:50:41.866020"]]
  [1m[36mTRANSACTION (195.2ms)[0m  [1m[35mCOMMIT[0m
  [1m[36mTRANSACTION (193.7ms)[0m  [1m[35mBEGIN[0m
  [1m[36mTag Exists? (388.3ms)[0m  [1m[34mSELECT 1 AS one FROM "tags" WHERE "tags"."name" = $1 LIMIT $2[0m  [["name", "スプラッターホラー"], ["LIMIT", 1]]
  [1m[36mTag Create (195.0ms)[0m  [1m[32mINSERT INTO "tags" ("name", "created_at", "updated_at") VALUES ($1, $2, $3) RETURNING "id"[0m  [["name", "スプラッターホラー"], ["created_at", "2024-06-28 15:50:42.651343"], ["updated_at", "2024-06-28 15:50:42.651343"]]
  [1m[36mTRANSACTION (194.3ms)[0m  [1m[35mCOMMIT[0m
  [1m[36mTRANSACTION (193.9ms)[0m  [1m[35mBEGIN[0m
  [1m[36mTag Exists? (389.8ms)[0m  [1m[34mSELECT 1 AS one FROM "tags" WHERE "tags"."name" = $1 LIMIT $2[0m  [["name", "サイエンスフィクションホラー"], ["LIMIT", 1]]
  [1m[36mTag Create (195.7ms)[0m  [1m[32mINSERT INTO "tags" ("name", "created_at", "updated_at") VALUES ($1, $2, $3) RETURNING "id"[0m  [["name", "サイエンスフィクションホラー"], ["created_at", "2024-06-28 15:50:43.439455"], ["updated_at", "2024-06-28 15:50:43.439455"]]
  [1m[36mTRANSACTION (193.2ms)[0m  [1m[35mCOMMIT[0m
  [1m[36mTRANSACTION (192.6ms)[0m  [1m[35mBEGIN[0m
  [1m[36mTag Exists? (387.1ms)[0m  [1m[34mSELECT 1 AS one FROM "tags" WHERE "tags"."name" = $1 LIMIT $2[0m  [["name", "スリップストリームホラー"], ["LIMIT", 1]]
  [1m[36mTag Create (193.6ms)[0m  [1m[32mINSERT INTO "tags" ("name", "created_at", "updated_at") VALUES ($1, $2, $3) RETURNING "id"[0m  [["name", "スリップストリームホラー"], ["created_at", "2024-06-28 15:50:44.220062"], ["updated_at", "2024-06-28 15:50:44.220062"]]
  [1m[36mTRANSACTION (194.6ms)[0m  [1m[35mCOMMIT[0m
  [1m[36mTRANSACTION (192.9ms)[0m  [1m[35mBEGIN[0m
  [1m[36mTag Exists? (387.5ms)[0m  [1m[34mSELECT 1 AS one FROM "tags" WHERE "tags"."name" = $1 LIMIT $2[0m  [["name", "超常現象ホラー"], ["LIMIT", 1]]
  [1m[36mTag Create (193.5ms)[0m  [1m[32mINSERT INTO "tags" ("name", "created_at", "updated_at") VALUES ($1, $2, $3) RETURNING "id"[0m  [["name", "超常現象ホラー"], ["created_at", "2024-06-28 15:50:45.003600"], ["updated_at", "2024-06-28 15:50:45.003600"]]
  [1m[36mTRANSACTION (193.7ms)[0m  [1m[35mCOMMIT[0m
  [1m[36mTRANSACTION (193.2ms)[0m  [1m[35mBEGIN[0m
  [1m[36mTag Exists? (390.0ms)[0m  [1m[34mSELECT 1 AS one FROM "tags" WHERE "tags"."name" = $1 LIMIT $2[0m  [["name", "オカルトホラー"], ["LIMIT", 1]]
  [1m[36mTag Create (192.9ms)[0m  [1m[32mINSERT INTO "tags" ("name", "created_at", "updated_at") VALUES ($1, $2, $3) RETURNING "id"[0m  [["name", "オカルトホラー"], ["created_at", "2024-06-28 15:50:45.789922"], ["updated_at", "2024-06-28 15:50:45.789922"]]
  [1m[36mTRANSACTION (194.2ms)[0m  [1m[35mCOMMIT[0m
